<?xml version="1.0" encoding="UTF-8"?>
<testsuite name="MappingTest" tests="1" skipped="0" failures="0" errors="0" timestamp="2020-03-16T15:28:12" hostname="DESKTOP-9E3DUGT" time="0.596">
  <properties/>
  <testcase name="Run" classname="MappingTest" time="0.596"/>
  <system-out><![CDATA[]]></system-out>
  <system-err><![CDATA[]]></system-err>
</testsuite>
